 |  | main |  | 2023-10-08 16:21:50,608 | INFO  | com.alibaba.csp.pts.demo.DemoApplication | Starting DemoApplication on L-40GTLVDL-1304.local with PID 27609 (/Users/luwei/workspace/pts/test/springboot2-log4j2/target/classes started by luwei in /Users/luwei/workspace/pts/test/springboot2-log4j2) 
 |  | main |  | 2023-10-08 16:21:50,641 | INFO  | com.alibaba.csp.pts.demo.DemoApplication | No active profile set, falling back to default profiles: default 
 |  | main |  | 2023-10-08 16:21:50,708 | INFO  | org.springframework.boot.web.servlet.context.AnnotationConfigServletWebServerApplicationContext | Refreshing org.springframework.boot.web.servlet.context.AnnotationConfigServletWebServerApplicationContext@58c1da09: startup date [Sun Oct 08 16:21:50 CST 2023]; root of context hierarchy 
 |  | main |  | 2023-10-08 16:21:52,743 | INFO  | org.springframework.boot.web.embedded.tomcat.TomcatWebServer | Tomcat initialized with port(s): 8099 (http) 
 |  | localhost-startStop-1 |  | 2023-10-08 16:21:53,100 | INFO  | org.springframework.web.context.ContextLoader | Root WebApplicationContext: initialization completed in 2393 ms 
 |  | localhost-startStop-1 |  | 2023-10-08 16:21:53,256 | INFO  | org.springframework.boot.web.servlet.ServletRegistrationBean | Servlet dispatcherServlet mapped to [/] 
 |  | localhost-startStop-1 |  | 2023-10-08 16:21:53,264 | INFO  | org.springframework.boot.web.servlet.FilterRegistrationBean | Mapping filter: 'characterEncodingFilter' to: [/*] 
 |  | localhost-startStop-1 |  | 2023-10-08 16:21:53,264 | INFO  | org.springframework.boot.web.servlet.FilterRegistrationBean | Mapping filter: 'hiddenHttpMethodFilter' to: [/*] 
 |  | localhost-startStop-1 |  | 2023-10-08 16:21:53,264 | INFO  | org.springframework.boot.web.servlet.FilterRegistrationBean | Mapping filter: 'httpPutFormContentFilter' to: [/*] 
 |  | localhost-startStop-1 |  | 2023-10-08 16:21:53,265 | INFO  | org.springframework.boot.web.servlet.FilterRegistrationBean | Mapping filter: 'requestContextFilter' to: [/*] 
 |  | main |  | 2023-10-08 16:21:53,546 | INFO  | org.springframework.web.servlet.handler.SimpleUrlHandlerMapping | Mapped URL path [/**/favicon.ico] onto handler of type [class org.springframework.web.servlet.resource.ResourceHttpRequestHandler] 
 |  | main |  | 2023-10-08 16:21:53,842 | INFO  | org.springframework.web.servlet.mvc.method.annotation.RequestMappingHandlerAdapter | Looking for @ControllerAdvice: org.springframework.boot.web.servlet.context.AnnotationConfigServletWebServerApplicationContext@58c1da09: startup date [Sun Oct 08 16:21:50 CST 2023]; root of context hierarchy 
 |  | main |  | 2023-10-08 16:21:54,072 | INFO  | org.springframework.web.servlet.mvc.method.annotation.RequestMappingHandlerMapping | Mapped "{[/test/sayHello],methods=[GET]}" onto java.lang.String com.alibaba.csp.pts.demo.TestLogController.sayHello(java.lang.String) throws java.lang.Exception 
 |  | main |  | 2023-10-08 16:21:54,090 | INFO  | org.springframework.web.servlet.mvc.method.annotation.RequestMappingHandlerMapping | Mapped "{[/error],produces=[text/html]}" onto public org.springframework.web.servlet.ModelAndView org.springframework.boot.autoconfigure.web.servlet.error.BasicErrorController.errorHtml(javax.servlet.http.HttpServletRequest,javax.servlet.http.HttpServletResponse) 
 |  | main |  | 2023-10-08 16:21:54,093 | INFO  | org.springframework.web.servlet.mvc.method.annotation.RequestMappingHandlerMapping | Mapped "{[/error]}" onto public org.springframework.http.ResponseEntity<java.util.Map<java.lang.String, java.lang.Object>> org.springframework.boot.autoconfigure.web.servlet.error.BasicErrorController.error(javax.servlet.http.HttpServletRequest) 
 |  | main |  | 2023-10-08 16:21:54,163 | INFO  | org.springframework.web.servlet.handler.SimpleUrlHandlerMapping | Mapped URL path [/webjars/**] onto handler of type [class org.springframework.web.servlet.resource.ResourceHttpRequestHandler] 
 |  | main |  | 2023-10-08 16:21:54,164 | INFO  | org.springframework.web.servlet.handler.SimpleUrlHandlerMapping | Mapped URL path [/**] onto handler of type [class org.springframework.web.servlet.resource.ResourceHttpRequestHandler] 
 |  | main |  | 2023-10-08 16:21:54,377 | INFO  | org.springframework.jmx.export.annotation.AnnotationMBeanExporter | Registering beans for JMX exposure on startup 
 |  | main |  | 2023-10-08 16:21:54,510 | INFO  | org.springframework.boot.web.embedded.tomcat.TomcatWebServer | Tomcat started on port(s): 8099 (http) with context path '' 
 |  | main |  | 2023-10-08 16:21:54,522 | INFO  | com.alibaba.csp.pts.demo.DemoApplication | Started DemoApplication in 5.82 seconds (JVM running for 11.235) 
 |  | Thread-5 |  | 2023-10-08 16:22:57,686 | INFO  | org.springframework.boot.web.servlet.context.AnnotationConfigServletWebServerApplicationContext | Closing org.springframework.boot.web.servlet.context.AnnotationConfigServletWebServerApplicationContext@58c1da09: startup date [Sun Oct 08 16:21:50 CST 2023]; root of context hierarchy 
 |  | Thread-5 |  | 2023-10-08 16:22:57,704 | INFO  | org.springframework.jmx.export.annotation.AnnotationMBeanExporter | Unregistering JMX-exposed beans on shutdown 
 |  | main |  | 2023-10-08 16:25:07,900 | INFO  | com.alibaba.csp.pts.demo.DemoApplication | Starting DemoApplication on L-40GTLVDL-1304.local with PID 27873 (/Users/luwei/workspace/pts/test/springboot2-log4j2/target/classes started by luwei in /Users/luwei/workspace/pts/test/springboot2-log4j2) 
 |  | main |  | 2023-10-08 16:25:07,916 | INFO  | com.alibaba.csp.pts.demo.DemoApplication | No active profile set, falling back to default profiles: default 
 |  | main |  | 2023-10-08 16:25:07,981 | INFO  | org.springframework.boot.web.servlet.context.AnnotationConfigServletWebServerApplicationContext | Refreshing org.springframework.boot.web.servlet.context.AnnotationConfigServletWebServerApplicationContext@659feb22: startup date [Sun Oct 08 16:25:07 CST 2023]; root of context hierarchy 
 |  | main |  | 2023-10-08 16:25:10,045 | INFO  | org.springframework.boot.web.embedded.tomcat.TomcatWebServer | Tomcat initialized with port(s): 8099 (http) 
 |  | main |  | 2023-10-08 16:25:10,068 | INFO  | org.apache.coyote.http11.Http11NioProtocol | Initializing ProtocolHandler ["http-nio-8099"] 
 |  | main |  | 2023-10-08 16:25:10,086 | INFO  | org.apache.catalina.core.StandardService | Starting service [Tomcat] 
 |  | main |  | 2023-10-08 16:25:10,087 | INFO  | org.apache.catalina.core.StandardEngine | Starting Servlet Engine: Apache Tomcat/8.5.35 
 |  | localhost-startStop-1 |  | 2023-10-08 16:25:10,101 | INFO  | org.apache.catalina.core.AprLifecycleListener | The APR based Apache Tomcat Native library which allows optimal performance in production environments was not found on the java.library.path: [/Users/luwei/Library/Java/Extensions:/Library/Java/Extensions:/Network/Library/Java/Extensions:/System/Library/Java/Extensions:/usr/lib/java:.] 
 |  | localhost-startStop-1 |  | 2023-10-08 16:25:10,335 | INFO  | org.apache.catalina.core.ContainerBase.[Tomcat].[localhost].[/] | Initializing Spring embedded WebApplicationContext 
 |  | localhost-startStop-1 |  | 2023-10-08 16:25:10,338 | INFO  | org.springframework.web.context.ContextLoader | Root WebApplicationContext: initialization completed in 2357 ms 
 |  | localhost-startStop-1 |  | 2023-10-08 16:25:10,549 | INFO  | org.springframework.boot.web.servlet.ServletRegistrationBean | Servlet dispatcherServlet mapped to [/] 
 |  | localhost-startStop-1 |  | 2023-10-08 16:25:10,557 | INFO  | org.springframework.boot.web.servlet.FilterRegistrationBean | Mapping filter: 'characterEncodingFilter' to: [/*] 
 |  | localhost-startStop-1 |  | 2023-10-08 16:25:10,558 | INFO  | org.springframework.boot.web.servlet.FilterRegistrationBean | Mapping filter: 'hiddenHttpMethodFilter' to: [/*] 
 |  | localhost-startStop-1 |  | 2023-10-08 16:25:10,558 | INFO  | org.springframework.boot.web.servlet.FilterRegistrationBean | Mapping filter: 'httpPutFormContentFilter' to: [/*] 
 |  | localhost-startStop-1 |  | 2023-10-08 16:25:10,558 | INFO  | org.springframework.boot.web.servlet.FilterRegistrationBean | Mapping filter: 'requestContextFilter' to: [/*] 
 |  | main |  | 2023-10-08 16:25:10,860 | INFO  | org.springframework.web.servlet.handler.SimpleUrlHandlerMapping | Mapped URL path [/**/favicon.ico] onto handler of type [class org.springframework.web.servlet.resource.ResourceHttpRequestHandler] 
 |  | main |  | 2023-10-08 16:25:11,153 | INFO  | org.springframework.web.servlet.mvc.method.annotation.RequestMappingHandlerAdapter | Looking for @ControllerAdvice: org.springframework.boot.web.servlet.context.AnnotationConfigServletWebServerApplicationContext@659feb22: startup date [Sun Oct 08 16:25:07 CST 2023]; root of context hierarchy 
 |  | main |  | 2023-10-08 16:25:11,432 | INFO  | org.springframework.web.servlet.mvc.method.annotation.RequestMappingHandlerMapping | Mapped "{[/test/sayHello],methods=[GET]}" onto java.lang.String com.alibaba.csp.pts.demo.TestLogController.sayHello(java.lang.String) throws java.lang.Exception 
 |  | main |  | 2023-10-08 16:25:11,445 | INFO  | org.springframework.web.servlet.mvc.method.annotation.RequestMappingHandlerMapping | Mapped "{[/error],produces=[text/html]}" onto public org.springframework.web.servlet.ModelAndView org.springframework.boot.autoconfigure.web.servlet.error.BasicErrorController.errorHtml(javax.servlet.http.HttpServletRequest,javax.servlet.http.HttpServletResponse) 
 |  | main |  | 2023-10-08 16:25:11,445 | INFO  | org.springframework.web.servlet.mvc.method.annotation.RequestMappingHandlerMapping | Mapped "{[/error]}" onto public org.springframework.http.ResponseEntity<java.util.Map<java.lang.String, java.lang.Object>> org.springframework.boot.autoconfigure.web.servlet.error.BasicErrorController.error(javax.servlet.http.HttpServletRequest) 
 |  | main |  | 2023-10-08 16:25:11,488 | INFO  | org.springframework.web.servlet.handler.SimpleUrlHandlerMapping | Mapped URL path [/webjars/**] onto handler of type [class org.springframework.web.servlet.resource.ResourceHttpRequestHandler] 
 |  | main |  | 2023-10-08 16:25:11,489 | INFO  | org.springframework.web.servlet.handler.SimpleUrlHandlerMapping | Mapped URL path [/**] onto handler of type [class org.springframework.web.servlet.resource.ResourceHttpRequestHandler] 
 |  | main |  | 2023-10-08 16:25:11,690 | INFO  | org.springframework.jmx.export.annotation.AnnotationMBeanExporter | Registering beans for JMX exposure on startup 
 |  | main |  | 2023-10-08 16:25:11,792 | INFO  | org.apache.coyote.http11.Http11NioProtocol | Starting ProtocolHandler ["http-nio-8099"] 
 |  | main |  | 2023-10-08 16:25:11,797 | INFO  | org.apache.tomcat.util.net.NioSelectorPool | Using a shared selector for servlet write/read 
 |  | main |  | 2023-10-08 16:25:11,824 | INFO  | org.springframework.boot.web.embedded.tomcat.TomcatWebServer | Tomcat started on port(s): 8099 (http) with context path '' 
 |  | main |  | 2023-10-08 16:25:11,830 | INFO  | com.alibaba.csp.pts.demo.DemoApplication | Started DemoApplication in 5.755 seconds (JVM running for 11.043) 
 |  | Thread-5 |  | 2023-10-08 17:49:15,130 | INFO  | org.springframework.boot.web.servlet.context.AnnotationConfigServletWebServerApplicationContext | Closing org.springframework.boot.web.servlet.context.AnnotationConfigServletWebServerApplicationContext@659feb22: startup date [Sun Oct 08 16:25:07 CST 2023]; root of context hierarchy 
 |  | Thread-5 |  | 2023-10-08 17:49:15,161 | INFO  | org.springframework.jmx.export.annotation.AnnotationMBeanExporter | Unregistering JMX-exposed beans on shutdown 
